0 info it worked if it ends with ok
1 verbose cli [ '/Users/dring/.nvm/v0.10.36/bin/node',
1 verbose cli   '/Users/dring/.nvm/v0.10.36/bin/npm',
1 verbose cli   'install',
1 verbose cli   '-g',
1 verbose cli   'yo-ionic' ]
2 info using npm@1.4.28
3 info using node@v0.10.36
4 verbose cache add [ 'yo-ionic', null ]
5 verbose cache add name=undefined spec="yo-ionic" args=["yo-ionic",null]
6 verbose parsed url { protocol: null,
6 verbose parsed url   slashes: null,
6 verbose parsed url   auth: null,
6 verbose parsed url   host: null,
6 verbose parsed url   port: null,
6 verbose parsed url   hostname: null,
6 verbose parsed url   hash: null,
6 verbose parsed url   search: null,
6 verbose parsed url   query: null,
6 verbose parsed url   pathname: 'yo-ionic',
6 verbose parsed url   path: 'yo-ionic',
6 verbose parsed url   href: 'yo-ionic' }
7 silly lockFile 2aa884e7-yo-ionic yo-ionic
8 verbose lock yo-ionic /Users/dring/.npm/2aa884e7-yo-ionic.lock
9 silly lockFile 2aa884e7-yo-ionic yo-ionic
10 silly lockFile 2aa884e7-yo-ionic yo-ionic
11 verbose addNamed [ 'yo-ionic', '' ]
12 verbose addNamed [ null, '*' ]
13 silly lockFile 719d3673-yo-ionic yo-ionic@
14 verbose lock yo-ionic@ /Users/dring/.npm/719d3673-yo-ionic.lock
15 silly addNameRange { name: 'yo-ionic', range: '*', hasData: false }
16 verbose request where is /yo-ionic
17 verbose request registry https://registry.npmjs.org/
18 verbose request id c1d6aae8ccd635e3
19 verbose url raw /yo-ionic
20 verbose url resolving [ 'https://registry.npmjs.org/', './yo-ionic' ]
21 verbose url resolved https://registry.npmjs.org/yo-ionic
22 verbose request where is https://registry.npmjs.org/yo-ionic
23 info trying registry request attempt 1 at 00:41:22
24 http GET https://registry.npmjs.org/yo-ionic
25 http 404 https://registry.npmjs.org/yo-ionic
26 verbose headers { date: 'Sat, 28 Feb 2015 05:41:23 GMT',
26 verbose headers   server: 'CouchDB/1.5.0 (Erlang OTP/R16B03)',
26 verbose headers   'content-type': 'application/json',
26 verbose headers   'cache-control': 'max-age=0',
26 verbose headers   'content-length': '52',
26 verbose headers   'accept-ranges': 'bytes',
26 verbose headers   via: '1.1 varnish',
26 verbose headers   age: '0',
26 verbose headers   'x-served-by': 'cache-ord1733-ORD',
26 verbose headers   'x-cache': 'MISS',
26 verbose headers   'x-cache-hits': '0',
26 verbose headers   'x-timer': 'S1425102083.583876,VS0,VE65',
26 verbose headers   'keep-alive': 'timeout=10, max=50',
26 verbose headers   connection: 'Keep-Alive' }
27 silly registry.get cb [ 404,
27 silly registry.get   { date: 'Sat, 28 Feb 2015 05:41:23 GMT',
27 silly registry.get     server: 'CouchDB/1.5.0 (Erlang OTP/R16B03)',
27 silly registry.get     'content-type': 'application/json',
27 silly registry.get     'cache-control': 'max-age=0',
27 silly registry.get     'content-length': '52',
27 silly registry.get     'accept-ranges': 'bytes',
27 silly registry.get     via: '1.1 varnish',
27 silly registry.get     age: '0',
27 silly registry.get     'x-served-by': 'cache-ord1733-ORD',
27 silly registry.get     'x-cache': 'MISS',
27 silly registry.get     'x-cache-hits': '0',
27 silly registry.get     'x-timer': 'S1425102083.583876,VS0,VE65',
27 silly registry.get     'keep-alive': 'timeout=10, max=50',
27 silly registry.get     connection: 'Keep-Alive' } ]
28 silly lockFile 719d3673-yo-ionic yo-ionic@
29 silly lockFile 719d3673-yo-ionic yo-ionic@
30 error 404 404 Not Found: yo-ionic
30 error 404
30 error 404 'yo-ionic' is not in the npm registry.
30 error 404 You should bug the author to publish it
30 error 404
30 error 404 Note that you can also install from a
30 error 404 tarball, folder, or http url, or git url.
31 error System Darwin 14.1.0
32 error command "/Users/dring/.nvm/v0.10.36/bin/node" "/Users/dring/.nvm/v0.10.36/bin/npm" "install" "-g" "yo-ionic"
33 error cwd /Volumes/Code/dring1-github/LousylandlordNode/LousyLandLordIONIC/LousyLandlordMobile
34 error node -v v0.10.36
35 error npm -v 1.4.28
36 error code E404
37 verbose exit [ 1, true ]
